hellohellohello\nhello\nTacos or Death Surveyors, 
Carne Asada Surveys, 
Barbacoa Surveyors, 
Tacos or Death Surveyors, 
Tacos or Death Surveyors, 
Barbacoa Surveyors, 
Tacos or Death Surveyors, 
Barbacoa Surveyors, 
Tacos or Death Surveyors, 
Barbacoa Surveyors, 
Tacos or Death Surveyors, 
Barbacoa Surveyors, 
Barbacoa Surveyors, 
Tacos or Death Surveyors, 
Barbacoa Surveyors, 
Tacos or Death Surveyors, 
Barbacoa Surveyors, 
Tacos or Death Surveyors, 
El Pollo Diablo Surveys, 
El Pollo Diablo Surveys, 
Barbacoa Surveyors, 
Tacos or Death Surveyors, 
El Pollo Diablo Surveys, 
Barbacoa Surveyors, 
Tacos or Death Surveyors, 
Barbacoa Surveyors, 
Tacos or Death Surveyors, 
El Pollo Diablo Surveys, 
El Pollo Diablo Surveys, 
El Pollo Diablo Surveys, 
Tacos or Death Surveyors, 
Barbacoa Surveyors, 
El Pollo Diablo Surveys, 
Tacos or Death Surveyors, 
Barbacoa Surveyors, 
Tacos or Death Surveyors, 
El Pollo Diablo Surveys, 
Carne Asada Surveys, 
